<?xml version="1.0" encoding="UTF-8"?>
<!-- Generated by org.testng.reporters.JUnitReportReporter -->
<testsuite hostname="DESKTOP-DL42SBL" failures="0" tests="1" name="smarttech.ny.testrunner.MyRunner" time="8.684" errors="0" timestamp="2023-05-05T18:51:07 EDT" skipped="0">
  <testcase classname="smarttech.ny.testrunner.MyRunner" name="runScenario" time="8.684"/>
  <system-out/>
</testsuite> <!-- smarttech.ny.testrunner.MyRunner -->
